#
# A fatal error has been detected by the Java Runtime Environment:
#
#  EXCEPTION_ACCESS_VIOLATION (0xc0000005) at pc=0x0000000064278d85, pid=10836, tid=13564
#
# JRE version: Java(TM) SE Runtime Environment (8.0_72-b15) (build 1.8.0_72-b15)
# Java VM: Java HotSpot(TM) 64-Bit Server VM (25.72-b15 mixed mode windows-amd64 compressed oops)
# Problematic frame:
# V  [jvm.dll+0x128d85]
#
# Failed to write core dump. Minidumps are not enabled by default on client versions of Windows
#
# If you would like to submit a bug report, please visit:
#   http://bugreport.java.com/bugreport/crash.jsp
#

---------------  T H R E A D  ---------------

Current thread (0x0000000019552800):  JavaThread "JDWP Transport Listener: dt_socket" daemon [_thread_in_vm, id=13564, stack(0x0000000019d10000,0x0000000019e10000)]

siginfo: ExceptionCode=0xc0000005, reading address 0x000000024a030000

Registers:
RAX=0x0000000019e0f701, RBX=0x0000000019552800, RCX=0x000000024a030000, RDX=0x0000000000000000
RSP=0x0000000019e0f760, RBP=0x000000024a030000, RSI=0x0000000019e0f878, RDI=0x0000000002518ae0
R8 =0x0000000019552800, R9 =0x0000000000000000, R10=0x0000000000000000, R11=0x0000000000000064
R12=0x0000000000000000, R13=0x000000001955c9d8, R14=0x0000000000000000, R15=0x0000000000000000
RIP=0x0000000064278d85, EFLAGS=0x0000000000010206

Top of Stack: (sp=0x0000000019e0f760)
0x0000000019e0f760:   0000000019552800 0000000019552800
0x0000000019e0f770:   0000000019e0f828 000000006447e33b
0x0000000019e0f780:   0000000019552800 000000006449ab9d
0x0000000019e0f790:   0000000000000063 0000000064129155
0x0000000019e0f7a0:   00000000198e9138 000000006413291e
0x0000000019e0f7b0:   0000000019552800 0000000000000000
0x0000000019e0f7c0:   0000000000000000 0000000000000000
0x0000000019e0f7d0:   000000024a030000 0000000064131a15
0x0000000019e0f7e0:   0000000019e0f878 0000000019e0f850
0x0000000019e0f7f0:   0000000000000001 00000000198e9138
0x0000000019e0f800:   000000024a030000 00000000641153b3
0x0000000019e0f810:   0000000019e0f940 0000000000000001
0x0000000019e0f820:   0000000000000001 00000000198e9138
0x0000000019e0f830:   0000000000000002 0000000000000000
0x0000000019e0f840:   0000000000000000 0000000000000000
0x0000000019e0f850:   0000000000000001 0000000064115571 

Instructions: (pc=0x0000000064278d85)
0x0000000064278d65:   cc cc cc cc cc cc cc cc cc cc cc 48 83 ec 28 48
0x0000000064278d75:   85 c9 75 07 33 c0 48 83 c4 28 c3 48 89 5c 24 20
0x0000000064278d85:   48 8b 19 48 85 db 74 20 48 83 fb 37 74 1a 48 8b
0x0000000064278d95:   13 48 8b cb ff 52 10 84 c0 74 0d 48 8b c3 48 8b 


Register to memory mapping:

RAX=0x0000000019e0f701 is pointing into the stack for thread: 0x0000000019552800
RBX=0x0000000019552800 is a thread
RCX=0x000000024a030000 is an unknown value
RDX=0x0000000000000000 is an unknown value
RSP=0x0000000019e0f760 is pointing into the stack for thread: 0x0000000019552800
RBP=0x000000024a030000 is an unknown value
RSI=0x0000000019e0f878 is pointing into the stack for thread: 0x0000000019552800
RDI=0x0000000002518ae0 is an unknown value
R8 =0x0000000019552800 is a thread
R9 =0x0000000000000000 is an unknown value
R10=0x0000000000000000 is an unknown value
R11=0x0000000000000064 is an unknown value
R12=0x0000000000000000 is an unknown value
R13=0x000000001955c9d8 is an unknown value
R14=0x0000000000000000 is an unknown value
R15=0x0000000000000000 is an unknown value


Stack: [0x0000000019d10000,0x0000000019e10000],  sp=0x0000000019e0f760,  free space=1021k
Native frames: (J=compiled Java code, j=interpreted, Vv=VM code, C=native code)
V  [jvm.dll+0x128d85]
V  [jvm.dll+0x34ab9d]
C  [jdwp.dll+0x21a15]
C  [jdwp.dll+0x53b3]
C  [jdwp.dll+0x5571]
C  [jdwp.dll+0xf0a8]
C  [jdwp.dll+0x1f2d5]
C  [jdwp.dll+0x1f4aa]
V  [jvm.dll+0x1bba58]
V  [jvm.dll+0x243434]
V  [jvm.dll+0x29a27a]
C  [msvcr100.dll+0x21d9f]
C  [msvcr100.dll+0x21e3b]
C  [KERNEL32.DLL+0x8364]
C  [ntdll.dll+0x65e91]


---------------  P R O C E S S  ---------------

Java Threads: ( => current thread )
  0x00000000195cb800 JavaThread "Service Thread" daemon [_thread_blocked, id=8784, stack(0x000000001a410000,0x000000001a510000)]
  0x0000000019582800 JavaThread "C1 CompilerThread3" daemon [_thread_blocked, id=5800, stack(0x000000001a310000,0x000000001a410000)]
  0x0000000019581000 JavaThread "C2 CompilerThread2" daemon [_thread_blocked, id=6740, stack(0x000000001a210000,0x000000001a310000)]
  0x0000000019578000 JavaThread "C2 CompilerThread1" daemon [_thread_blocked, id=12832, stack(0x000000001a110000,0x000000001a210000)]
  0x000000001957c000 JavaThread "C2 CompilerThread0" daemon [_thread_blocked, id=8656, stack(0x000000001a010000,0x000000001a110000)]
  0x0000000019562000 JavaThread "JDWP Command Reader" daemon [_thread_in_native, id=9556, stack(0x0000000019f10000,0x000000001a010000)]
  0x000000001955f000 JavaThread "JDWP Event Helper Thread" daemon [_thread_blocked, id=13144, stack(0x0000000019e10000,0x0000000019f10000)]
=>0x0000000019552800 JavaThread "JDWP Transport Listener: dt_socket" daemon [_thread_in_vm, id=13564, stack(0x0000000019d10000,0x0000000019e10000)]
  0x000000001954a000 JavaThread "Attach Listener" daemon [_thread_blocked, id=13456, stack(0x0000000019c10000,0x0000000019d10000)]
  0x0000000019549000 JavaThread "Signal Dispatcher" daemon [_thread_blocked, id=12320, stack(0x0000000019b10000,0x0000000019c10000)]
  0x00000000026c9800 JavaThread "Finalizer" daemon [_thread_blocked, id=14972, stack(0x0000000019920000,0x0000000019a20000)]
  0x00000000026c8000 JavaThread "Reference Handler" daemon [_thread_blocked, id=14384, stack(0x0000000019420000,0x0000000019520000)]
  0x00000000025d3000 JavaThread "main" [_thread_blocked, id=7396, stack(0x0000000002410000,0x0000000002510000)]

Other Threads:
  0x0000000017639000 VMThread [stack: 0x0000000019320000,0x0000000019420000] [id=4872]
  0x000000001962b000 WatcherThread [stack: 0x000000001a510000,0x000000001a610000] [id=8336]

VM state:not at safepoint (normal execution)

VM Mutex/Monitor currently owned by a thread: None

Heap:
 PSYoungGen      total 38400K, used 8681K [0x00000000d5f80000, 0x00000000d8a00000, 0x0000000100000000)
  eden space 33280K, 26% used [0x00000000d5f80000,0x00000000d67fa4a0,0x00000000d8000000)
  from space 5120K, 0% used [0x00000000d8500000,0x00000000d8500000,0x00000000d8a00000)
  to   space 5120K, 0% used [0x00000000d8000000,0x00000000d8000000,0x00000000d8500000)
 ParOldGen       total 87552K, used 0K [0x0000000081e00000, 0x0000000087380000, 0x00000000d5f80000)
  object space 87552K, 0% used [0x0000000081e00000,0x0000000081e00000,0x0000000087380000)
 Metaspace       used 5133K, capacity 5638K, committed 5760K, reserved 1056768K
  class space    used 616K, capacity 625K, committed 640K, reserved 1048576K

Card table byte_map: [0x0000000011a90000,0x0000000011e90000] byte_map_base: 0x0000000011681000

Marking Bits: (ParMarkBitMap*) 0x0000000064960600
 Begin Bits: [0x0000000012940000, 0x00000000148c8000)
 End Bits:   [0x00000000148c8000, 0x0000000016850000)

Polling page: 0x0000000002520000

CodeCache: size=245760Kb used=1917Kb max_used=1925Kb free=243842Kb
 bounds [0x00000000026d0000, 0x0000000002940000, 0x00000000116d0000]
 total_blobs=579 nmethods=314 adapters=186
 compilation: enabled

Compilation events (10 events):
Event: 1.266 Thread 0x0000000019582800 nmethod 309 0x00000000028af710 code [0x00000000028af860, 0x00000000028af9d0]
Event: 1.266 Thread 0x0000000019582800  310       1       org.antlr.v4.runtime.atn.PredictionContext::hashCode (5 bytes)
Event: 1.267 Thread 0x0000000019582800 nmethod 310 0x00000000028af450 code [0x00000000028af5a0, 0x00000000028af6b0]
Event: 1.268 Thread 0x000000001957c000 nmethod 307 0x00000000028adbd0 code [0x00000000028add20, 0x00000000028ade18]
Event: 1.269 Thread 0x0000000019582800  312       3       java.nio.ByteBuffer::arrayOffset (35 bytes)
Event: 1.271 Thread 0x0000000019582800 nmethod 312 0x00000000028aee10 code [0x00000000028aefa0, 0x00000000028af2d8]
Event: 1.271 Thread 0x0000000019582800  313       3       java.nio.Buffer::position (43 bytes)
Event: 1.272 Thread 0x0000000019582800 nmethod 313 0x00000000028ae8d0 code [0x00000000028aea40, 0x00000000028aed28]
Event: 1.272 Thread 0x0000000019582800  314       3       java.nio.Buffer::clear (20 bytes)
Event: 1.272 Thread 0x0000000019582800 nmethod 314 0x00000000028ad890 code [0x00000000028ad9e0, 0x00000000028adb50]

GC Heap History (0 events):
No events

Deoptimization events (0 events):
No events

Internal exceptions (7 events):
Event: 0.113 Thread 0x00000000025d3000 Exception <a 'java/lang/NoSuchMethodError': Method sun.misc.Unsafe.defineClass(Ljava/lang/String;[BII)Ljava/lang/Class; name or signature does not match> (0x00000000d5f87cc0) thrown at [C:\re\workspace\8-2-build-windows-amd64-cygwin\jdk8u72\5732\hotspot\sr
†«å¸½?
Event: 0.114 Thread 0x00000000025d3000 Exception <a 'java/lang/NoSuchMethodError': Method sun.misc.Unsafe.prefetchRead(Ljava/lang/Object;J)V name or signature does not match> (0x00000000d5f87fa8) thrown at [C:\re\workspace\8-2-build-windows-amd64-cygwin\jdk8u72\5732\hotspot\src\share\vm\prims\j^…«)>6ß?
Event: 0.488 Thread 0x00000000025d3000 Exception <a 'java/io/FileNotFoundException'> (0x00000000d61e1c68) thrown at [C:\re\workspace\8-2-build-windows-amd64-cygwin\jdk8u72\5732\hotspot\src\share\vm\prims\jni.cpp, line 709]
Event: 0.542 Thread 0x00000000025d3000 Exception <a 'java/security/PrivilegedActionException'> (0x00000000d6227348) thrown at [C:\re\workspace\8-2-build-windows-amd64-cygwin\jdk8u72\5732\hotspot\src\share\vm\prims\jvm.cpp, line 1386]
Event: 0.542 Thread 0x00000000025d3000 Exception <a 'java/security/PrivilegedActionException'> (0x00000000d6227558) thrown at [C:\re\workspace\8-2-build-windows-amd64-cygwin\jdk8u72\5732\hotspot\src\share\vm\prims\jvm.cpp, line 1386]
Event: 0.545 Thread 0x00000000025d3000 Exception <a 'java/security/PrivilegedActionException'> (0x00000000d622b3a0) thrown at [C:\re\workspace\8-2-build-windows-amd64-cygwin\jdk8u72\5732\hotspot\src\share\vm\prims\jvm.cpp, line 1386]
Event: 0.545 Thread 0x00000000025d3000 Exception <a 'java/security/PrivilegedActionException'> (0x00000000d622b5b0) thrown at [C:\re\workspace\8-2-build-windows-amd64-cygwin\jdk8u72\5732\hotspot\src\share\vm\prims\jvm.cpp, line 1386]

Events (10 events):
Event: 73.935 Executing VM operation: GetOrSetLocal
Event: 73.935 Executing VM operation: GetOrSetLocal done
Event: 122.753 Executing VM operation: ChangeBreakpoints
Event: 122.753 Executing VM operation: ChangeBreakpoints done
Event: 122.755 Executing VM operation: ChangeBreakpoints
Event: 122.755 Executing VM operation: ChangeBreakpoints done
Event: 122.780 Executing VM operation: RedefineClasses
Event: 122.787 Executing VM operation: RedefineClasses done
Event: 122.790 Executing VM operation: GetOrSetLocal
Event: 122.791 Executing VM operation: GetOrSetLocal done


Dynamic libraries:
0x00007ff6f3e40000 - 0x00007ff6f3e77000 	C:\Program Files\Java\jdk1.8.0_72\bin\java.exe
0x00007ff9ad620000 - 0x00007ff9ad7f1000 	C:\WINDOWS\SYSTEM32\ntdll.dll
0x00007ff9abc00000 - 0x00007ff9abcab000 	C:\WINDOWS\System32\KERNEL32.DLL
0x00007ff98e920000 - 0x00007ff98e974000 	C:\Program Files (x86)\AVG\Av\avghooka.dll
0x00007ff9a8a50000 - 0x00007ff9a8c6d000 	C:\WINDOWS\System32\KERNELBASE.dll
0x00007ff9aa3b0000 - 0x00007ff9aa452000 	C:\WINDOWS\System32\ADVAPI32.dll
0x00007ff9ac0e0000 - 0x00007ff9ac17e000 	C:\WINDOWS\System32\msvcrt.dll
0x00007ff9ac190000 - 0x00007ff9ac1e9000 	C:\WINDOWS\System32\sechost.dll
0x00007ff9a9af0000 - 0x00007ff9a9c11000 	C:\WINDOWS\System32\RPCRT4.dll
0x00007ff9a9cf0000 - 0x00007ff9a9e55000 	C:\WINDOWS\System32\USER32.dll
0x00007ff9a8a30000 - 0x00007ff9a8a4e000 	C:\WINDOWS\System32\win32u.dll
0x00007ff9a9c30000 - 0x00007ff9a9c64000 	C:\WINDOWS\System32\GDI32.dll
0x00007ff9a8dd0000 - 0x00007ff9a8f52000 	C:\WINDOWS\System32\gdi32full.dll
0x00007ff9a0270000 - 0x00007ff9a04ea000 	C:\WINDOWS\WinSxS\amd64_microsoft.windows.common-controls_6595b64144ccf1df_6.0.14393.351_none_4213128bc687e6d3\COMCTL32.dll
0x00007ff9a9f80000 - 0x00007ff9aa247000 	C:\WINDOWS\System32\combase.dll
0x00007ff9a8c70000 - 0x00007ff9a8d65000 	C:\WINDOWS\System32\ucrtbase.dll
0x00007ff9a97e0000 - 0x00007ff9a984a000 	C:\WINDOWS\System32\bcryptPrimitives.dll
0x00007ff9ab970000 - 0x00007ff9ab99e000 	C:\WINDOWS\System32\IMM32.DLL
0x0000000065140000 - 0x0000000065212000 	C:\Program Files\Java\jdk1.8.0_72\jre\bin\msvcr100.dll
0x0000000064150000 - 0x00000000649e0000 	C:\Program Files\Java\jdk1.8.0_72\jre\bin\server\jvm.dll
0x00007ff9a9c20000 - 0x00007ff9a9c28000 	C:\WINDOWS\System32\PSAPI.DLL
0x00007ff995a10000 - 0x00007ff995a19000 	C:\WINDOWS\SYSTEM32\WSOCK32.dll
0x00007ff9ac1f0000 - 0x00007ff9ac25a000 	C:\WINDOWS\System32\WS2_32.dll
0x00007ff9a6be0000 - 0x00007ff9a6c03000 	C:\WINDOWS\SYSTEM32\WINMM.dll
0x00007ff9a44d0000 - 0x00007ff9a44da000 	C:\WINDOWS\SYSTEM32\VERSION.dll
0x00007ff9a6b80000 - 0x00007ff9a6bab000 	C:\WINDOWS\SYSTEM32\WINMMBASE.dll
0x00007ff9a9790000 - 0x00007ff9a97d2000 	C:\WINDOWS\System32\cfgmgr32.dll
0x0000000065130000 - 0x000000006513f000 	C:\Program Files\Java\jdk1.8.0_72\jre\bin\verify.dll
0x0000000065100000 - 0x0000000065129000 	C:\Program Files\Java\jdk1.8.0_72\jre\bin\java.dll
0x0000000064110000 - 0x0000000064145000 	C:\Program Files\Java\jdk1.8.0_72\jre\bin\jdwp.dll
0x00000000650d0000 - 0x00000000650d8000 	C:\Program Files\Java\jdk1.8.0_72\jre\bin\npt.dll
0x00000000650e0000 - 0x00000000650f6000 	C:\Program Files\Java\jdk1.8.0_72\jre\bin\zip.dll
0x00007ff9aa460000 - 0x00007ff9ab969000 	C:\WINDOWS\System32\SHELL32.dll
0x00007ff9a9000000 - 0x00007ff9a96da000 	C:\WINDOWS\System32\windows.storage.dll
0x00007ff9a8720000 - 0x00007ff9a876c000 	C:\WINDOWS\System32\powrprof.dll
0x00007ff9a9850000 - 0x00007ff9a98a2000 	C:\WINDOWS\System32\shlwapi.dll
0x00007ff9a87a0000 - 0x00007ff9a87af000 	C:\WINDOWS\System32\kernel.appcore.dll
0x00007ff9a8980000 - 0x00007ff9a8a29000 	C:\WINDOWS\System32\shcore.dll
0x00007ff9a8770000 - 0x00007ff9a8784000 	C:\WINDOWS\System32\profapi.dll
0x0000000064100000 - 0x0000000064109000 	C:\Program Files\Java\jdk1.8.0_72\jre\bin\dt_socket.dll
0x00007ff9a7f50000 - 0x00007ff9a7fac000 	C:\WINDOWS\system32\mswsock.dll
0x00007ff99add0000 - 0x00007ff99af62000 	C:\WINDOWS\SYSTEM32\dbghelp.dll

VM Arguments:
jvm_args: -agentlib:jdwp=transport=dt_socket,address=127.0.0.1:52830,suspend=y,server=n -ea -Dfile.encoding=UTF-8 
java_command: com.intellij.rt.execution.junit.JUnitStarter -ideVersion5 pp.block2.cc.test.GenericLLParserTest
java_class_path (initial): C:\Program Files (x86)\JetBrains\IntelliJ IDEA Community Edition 2016.3.1\lib\idea_rt.jar;C:\Program Files (x86)\JetBrains\IntelliJ IDEA Community Edition 2016.3.1\plugins\junit\lib\junit-rt.jar;C:\Program Files\Java\jdk1.8.0_72\jre\lib\charsets.jar;C:\Program Files\Java\jdk1.8.0_72\jre\lib\deploy.jar;C:\Program Files\Java\jdk1.8.0_72\jre\lib\ext\access-bridge-64.jar;C:\Program Files\Java\jdk1.8.0_72\jre\lib\ext\cldrdata.jar;C:\Program Files\Java\jdk1.8.0_72\jre\lib\ext\dnsns.jar;C:\Program Files\Java\jdk1.8.0_72\jre\lib\ext\jaccess.jar;C:\Program Files\Java\jdk1.8.0_72\jre\lib\ext\jfxrt.jar;C:\Program Files\Java\jdk1.8.0_72\jre\lib\ext\localedata.jar;C:\Program Files\Java\jdk1.8.0_72\jre\lib\ext\nashorn.jar;C:\Program Files\Java\jdk1.8.0_72\jre\lib\ext\sunec.jar;C:\Program Files\Java\jdk1.8.0_72\jre\lib\ext\sunjce_provider.jar;C:\Program Files\Java\jdk1.8.0_72\jre\lib\ext\sunmscapi.jar;C:\Program Files\Java\jdk1.8.0_72\jre\lib\ext\sunpkcs11.jar;C:\Program Files\Java\jdk1.8.0_72\jre\lib\ext\zipfs.jar;C:\Program Files\Java\jdk1.8.0_72\jre\lib\javaws.jar;C:\Program Files\Java\jdk1.8.0_72\jre\lib\jce.jar;C:\Program Files\Java\jdk1.8.0_72\jre\lib\jfr.jar;C:\Program Files\Java\jdk1.8.0_72\jre\lib\jfxswt.jar;C:\Program Files\Java\jdk1.8.0_72\jre\lib\jsse.jar;C:\Program Files\Java\jdk1.8.0_72\jre\lib\management-agent.jar;C:\Program Files\Java\jdk1.8.0_72\jre\lib\plugin.jar;C:\Program Files\Java\jdk1.8.0_72\jre\lib\resources.jar;C:\Program Files\Java\jdk1.8.0_72\jre\lib\rt.jar;C:\Users\Janko\IdeaProjects\Compiler_construction\out\production\Compiler_construction;C:\Users\Janko\IdeaProjects\Compiler_construction\JAR\antlr-runtime-4.7.jar;C:\Users\Janko\IdeaProjects\Compiler_construction\JAR\hamcrest-core-1.3.jar;C:\Users\Janko\IdeaProjects\Compiler_construction\JAR\junit-4.12.jar;C:\Users\Janko\IdeaProjects\Compiler_construction\JAR\concurrent-junit-1.0.jar
Launcher Type: SUN_STANDARD

Environment Variables:
PATH=C:\Program Files\Haskell\bin;C:\Program Files\Haskell Platform\8.0.2\lib\extralibs\bin;C:\Program Files\Haskell Platform\8.0.2\bin;C:\ProgramData\Oracle\Java\javapath;C:\Program Files (x86)\Intel\iCLS Client\;C:\Program Files\Intel\iCLS Client\;C:\WINDOWS\system32;C:\WINDOWS;C:\WINDOWS\System32\Wbem;C:\WINDOWS\System32\WindowsPowerShell\v1.0\;C:\Program Files\Intel\Intel(R) Management Engine Components\DAL;C:\Program Files\Intel\Intel(R) Management Engine Components\IPT;C:\Program Files (x86)\Intel\Intel(R) Management Engine Components\DAL;C:\Program Files (x86)\Intel\Intel(R) Management Engine Components\IPT;C:\ProgramData\Lenovo\ReadyApps;C:\Software Systemen - Programma's;C:\Program Files\Java\jdk1.8.0_65\bin;C:\Program Files (x86)\Skype\Phone\;C:\Program Files (x86)\PuTTY\;C:\Program Files\Git\cmd;C:\Program Files (x86)\WinAVR-20100110\utils\bin;C:\Program Files (x86)\WinAVR-20100110\bin;C:\Program Files\Java\jre1.8.0_91\bin;C:\Program Files (x86)\Python 3.5.2;C:\Program Files\Haskell Platform\8.0.2\mingw\bin;C:\Users\Janko\AppData\Roaming\cabal\bin;C:\Users\Janko\AppData\Roaming\local\bin;C:\Users\Janko\AppData\Local\Microsoft\WindowsApps
USERNAME=Janko
OS=Windows_NT
PROCESSOR_IDENTIFIER=Intel64 Family 6 Model 60 Stepping 3, GenuineIntel



---------------  S Y S T E M  ---------------

OS: Windows 10.0 , 64 bit Build 14393 (10.0.14393.0)

CPU:total 8 (4 cores per cpu, 2 threads per core) family 6 model 60 stepping 3, cmov, cx8, fxsr, mmx, sse, sse2, sse3, ssse3, sse4.1, sse4.2, popcnt, avx, avx2, aes, clmul, erms, lzcnt, ht, tsc, tscinvbit, bmi1, bmi2

Memory: 4k page, physical 8265268k(4298352k free), swap 9575988k(3428928k free)

vm_info: Java HotSpot(TM) 64-Bit Server VM (25.72-b15) for windows-amd64 JRE (1.8.0_72-b15), built on Dec 22 2015 19:16:16 by "java_re" with MS VC++ 10.0 (VS2010)

time: Tue May 09 12:29:18 2017
elapsed time: 122 seconds (0d 0h 2m 2s)

